<?xml version="1.0" encoding="UTF-8"?>
<testsuite xmlns:xsi="http://www.w3.org/2001/XMLSchema-instance" xsi:noNamespaceSchemaLocation="https://maven.apache.org/surefire/maven-surefire-plugin/xsd/surefire-test-report-3.0.xsd" version="3.0" name="com.inheaven.PetService.PetServiceApplicationTests" time="6.713" tests="1" errors="0" skipped="0" failures="0">
  <properties>
[...]
</properties>
  <testcase name="contextLoads" classname="com.inheaven.PetService.PetServiceApplicationTests" time="0.424">
    <system-out><![CDATA[23:46:03.048 [main] INFO org.springframework.test.context.support.AnnotationConfigContextLoaderUtils -- Could not detect default configuration classes for test class [com.inheaven.PetService.PetServiceApplicationTests]: PetServiceApplicationTests does not declare any static, non-private, non-final, nested classes annotated with @Configuration.
23:46:03.142 [main] INFO org.springframework.boot.test.context.SpringBootTestContextBootstrapper -- Found @SpringBootConfiguration com.inheaven.PetService.PetServiceApplication for test class com.inheaven.PetService.PetServiceApplicationTests

  .   ____          _            __ _ _
 /\\ / ___'_ __ _ _(_)_ __  __ _ \ \ \ \
( ( )\___ | '_ | '_| | '_ \/ _` | \ \ \ \
 \\/  ___)| |_)| | | | | || (_| |  ) ) ) )
  '  |____| .__|_| |_|_| |_\__, | / / / /
 =========|_|==============|___/=/_/_/_/
 :: Spring Boot ::                (v3.2.3)

2025-05-12 23:46:03 [main] INFO  c.i.P.PetServiceApplicationTests - Starting PetServiceApplicationTests using Java 21.0.2 with PID 8812 (started by Asus in F:\MyWorldSpace\PetService\Backend\PetService\PetService)
2025-05-12 23:46:03 [main] DEBUG c.i.P.PetServiceApplicationTests - Running with Spring Boot v3.2.3, Spring v6.1.4
2025-05-12 23:46:03 [main] INFO  c.i.P.PetServiceApplicationTests - No active profile set, falling back to 1 default profile: "default"
2025-05-12 23:46:04 [main] INFO  o.s.d.r.c.RepositoryConfigurationDelegate - Bootstrapping Spring Data JPA repositories in DEFAULT mode.
2025-05-12 23:46:04 [main] INFO  o.s.d.r.c.RepositoryConfigurationDelegate - Finished Spring Data repository scanning in 68 ms. Found 8 JPA repository interfaces.
2025-05-12 23:46:04 [main] INFO  o.h.jpa.internal.util.LogHelper - HHH000204: Processing PersistenceUnitInfo [name: default]
2025-05-12 23:46:04 [main] INFO  org.hibernate.Version - HHH000412: Hibernate ORM core version 6.4.4.Final
2025-05-12 23:46:04 [main] INFO  o.h.c.i.RegionFactoryInitiator - HHH000026: Second-level cache disabled
2025-05-12 23:46:05 [main] INFO  o.s.o.j.p.SpringPersistenceUnitInfo - No LoadTimeWeaver setup: ignoring JPA class transformer
2025-05-12 23:46:05 [main] INFO  com.zaxxer.hikari.HikariDataSource - HikariPool-1 - Starting...
2025-05-12 23:46:05 [main] INFO  com.zaxxer.hikari.pool.HikariPool - HikariPool-1 - Added connection com.mysql.cj.jdbc.ConnectionImpl@9880a15
2025-05-12 23:46:05 [main] INFO  com.zaxxer.hikari.HikariDataSource - HikariPool-1 - Start completed.
2025-05-12 23:46:05 [main] WARN  org.hibernate.orm.deprecation - HHH90000025: MySQL8Dialect does not need to be specified explicitly using 'hibernate.dialect' (remove the property setting and it will be selected by default)
2025-05-12 23:46:05 [main] WARN  org.hibernate.orm.deprecation - HHH90000026: MySQL8Dialect has been deprecated; use org.hibernate.dialect.MySQLDialect instead
2025-05-12 23:46:06 [main] INFO  o.h.e.t.j.p.i.JtaPlatformInitiator - HHH000489: No JTA platform available (set 'hibernate.transaction.jta.platform' to enable JTA platform integration)
2025-05-12 23:46:06 [main] INFO  o.s.o.j.LocalContainerEntityManagerFactoryBean - Initialized JPA EntityManagerFactory for persistence unit 'default'
2025-05-12 23:46:07 [main] INFO  o.s.d.j.r.query.QueryEnhancerFactory - Hibernate is in classpath; If applicable, HQL parser will be used.
2025-05-12 23:46:08 [main] WARN  o.s.b.a.o.j.JpaBaseConfiguration$JpaWebConfiguration - spring.jpa.open-in-view is enabled by default. Therefore, database queries may be performed during view rendering. Explicitly configure spring.jpa.open-in-view to disable this warning
2025-05-12 23:46:08 [main] INFO  o.s.s.web.DefaultSecurityFilterChain - Will secure any request with [org.springframework.security.web.session.DisableEncodeUrlFilter@1ffd6df2, org.springframework.security.web.context.request.async.WebAsyncManagerIntegrationFilter@7fb689fe, org.springframework.security.web.context.SecurityContextHolderFilter@4c36416b, org.springframework.security.web.header.HeaderWriterFilter@3d5f6088, org.springframework.web.filter.CorsFilter@1a30ec16, org.springframework.security.web.authentication.logout.LogoutFilter@b14a2c, com.inheaven.PetService.security.JwtFilter@79aa675b, org.springframework.security.web.savedrequest.RequestCacheAwareFilter@fca54c5, org.springframework.security.web.servletapi.SecurityContextHolderAwareRequestFilter@2be41d90, org.springframework.security.web.authentication.AnonymousAuthenticationFilter@170a5bc8, org.springframework.security.web.session.SessionManagementFilter@3415d6e, org.springframework.security.web.access.ExceptionTranslationFilter@378d38cd, org.springframework.security.web.access.intercept.AuthorizationFilter@118e24af]
2025-05-12 23:46:09 [main] INFO  c.i.P.PetServiceApplicationTests - Started PetServiceApplicationTests in 5.928 seconds (process running for 6.653)
]]></system-out>
    <system-err><![CDATA[WARNING: A Java agent has been loaded dynamically (C:\Users\Asus\.m2\repository\net\bytebuddy\byte-buddy-agent\1.14.12\byte-buddy-agent-1.14.12.jar)
WARNING: If a serviceability tool is in use, please run with -XX:+EnableDynamicAgentLoading to hide this warning
WARNING: If a serviceability tool is not in use, please run with -Djdk.instrument.traceUsage for more information
WARNING: Dynamic loading of agents will be disallowed by default in a future release
]]></system-err>
  </testcase>
</testsuite>